New log file opened at Wed Apr 22 19:50:29 EDT 2015 by 9252@Ben-Laptop
Sending msg to client activator-f44e1712-e934-494f-a286-e0a99d93e2e5: DetachedLogEvent(LogMessage(debug,sbt server socket logs are in: C:\Users\Ben\play-java-intro-2\.sbtserver\connections\master.log))
Sending msg to client activator-f44e1712-e934-494f-a286-e0a99d93e2e5: DetachedLogEvent(LogMessage(debug,sbt client logs are in: C:\Users\Ben\play-java-intro-2\.sbtserver\connections\activator-f44e1712-e934-494f-a286-e0a99d93e2e5.log))
Sending msg to client activator-f44e1712-e934-494f-a286-e0a99d93e2e5: DetachedLogEvent(LogMessage(debug,sbt general server logs are in: C:\Users\Ben\play-java-intro-2\.sbtserver\master.log))
Reading next message from client.
Got request: ListenToEvents()
Reading next message from client.
Got request: ListenToBuildChange()
Reading next message from client.
Got request: SendSyntheticBuildChanged()
Reading next message from client.
Got request: KeyLookupRequest(discoveredMainClasses)
Reading next message from client.
Sending msg to client activator-f44e1712-e934-494f-a286-e0a99d93e2e5: (3,ReceivedResponse())
Got request: KeyLookupRequest(mainClass)
Reading next message from client.
Sending msg to client activator-f44e1712-e934-494f-a286-e0a99d93e2e5: (4,ReceivedResponse())
Sending msg to client activator-f44e1712-e934-494f-a286-e0a99d93e2e5: BuildStructureChanged(MinimalBuildStructure(Vector(file:/C:/Users/Ben/play-java-intro-2/),Vector(MinimalProjectStructure(ProjectReference(file:/C:/Users/Ben/play-java-intro-2/,root),Vector(sbt.plugins.CorePlugin, com.typesafe.sbt.web.SbtWeb, sbt.plugins.InteractionServicePlugin, sbt.plugins.SendEventServicePlugin, sbt.plugins.SerializersPlugin, sbt.plugins.IvyPlugin, com.typesafe.sbt.webdriver.SbtWebDriver, com.typesafe.sbt.jse.SbtJsEngine, com.typesafe.sbt.digest.SbtDigest, sbt.plugins.JvmPlugin, com.typesafe.sbt.jse.SbtJsTask, play.twirl.sbt.SbtTwirl, com.typesafe.sbt.jshint.SbtJSHint, sbt.plugins.JUnitXmlReportPlugin, com.typesafe.sbt.mocha.SbtMocha, com.typesafe.sbt.less.SbtLess, com.typesafe.sbt.rjs.SbtRjs, com.typesafe.sbt.coffeescript.SbtCoffeeScript, sbt.plugins.BackgroundRunPlugin, play.Play, play.PlayJava, play.sbt.forkrun.PlayForkRun)))))
Got request: KeyLookupRequest(echo:echoTraceSupported)
Reading next message from client.
Got request: KeyLookupRequest(echo:echoPlayVersionReport)
Reading next message from client.
Got request: KeyLookupRequest(echo:echoAkkaVersionReport)
Reading next message from client.
Got request: KeyLookupRequest(echo:echoTracePlayVersion)
Reading next message from client.
Sending msg to client activator-f44e1712-e934-494f-a286-e0a99d93e2e5: (6,KeyLookupResponse(discoveredMainClasses,Vector(AttributeKey[scala.collection.Seq[java.lang.String]]("discoveredMainClasses") in Scope(Build: file:/C:/Users/Ben/play-java-intro-2/, , Project: ProjectReference(file:/C:/Users/Ben/play-java-intro-2/,root), Config: compile))))
Sending msg to client activator-f44e1712-e934-494f-a286-e0a99d93e2e5: (7,KeyLookupResponse(mainClass,Vector(AttributeKey[scala.Option[java.lang.String]]("mainClass") in Scope(Build: file:/C:/Users/Ben/play-java-intro-2/, , Project: ProjectReference(file:/C:/Users/Ben/play-java-intro-2/,root), Config: compile))))
Got request: KeyLookupRequest(echo:echoAkkaVersionReport)
Reading next message from client.
Got request: KeyLookupRequest(discoveredMainClasses)
Reading next message from client.
Got request: KeyLookupRequest(echo:echoTracePlayVersion)
Reading next message from client.
Got request: KeyLookupRequest(mainClass)
Reading next message from client.
Got request: KeyLookupRequest(echo:echoTraceSupported)
Reading next message from client.
Got request: KeyLookupRequest(echo:echoPlayVersionReport)
Reading next message from client.
Got request: ListenToValue(AttributeKey[scala.Option[java.lang.String]]("mainClass") in Scope(Build: file:/C:/Users/Ben/play-java-intro-2/, , Project: ProjectReference(file:/C:/Users/Ben/play-java-intro-2/,root), Config: compile))
Reading next message from client.
Got request: SendSyntheticValueChanged(AttributeKey[scala.Option[java.lang.String]]("mainClass") in Scope(Build: file:/C:/Users/Ben/play-java-intro-2/, , Project: ProjectReference(file:/C:/Users/Ben/play-java-intro-2/,root), Config: compile))
Reading next message from client.
Got request: ListenToValue(AttributeKey[scala.collection.Seq[java.lang.String]]("discoveredMainClasses") in Scope(Build: file:/C:/Users/Ben/play-java-intro-2/, , Project: ProjectReference(file:/C:/Users/Ben/play-java-intro-2/,root), Config: compile))
Reading next message from client.
Got request: SendSyntheticValueChanged(AttributeKey[scala.collection.Seq[java.lang.String]]("discoveredMainClasses") in Scope(Build: file:/C:/Users/Ben/play-java-intro-2/, , Project: ProjectReference(file:/C:/Users/Ben/play-java-intro-2/,root), Config: compile))
Reading next message from client.
Sending msg to client activator-f44e1712-e934-494f-a286-e0a99d93e2e5: (8,KeyLookupResponse(echo:echoTraceSupported,Vector()))
Sending msg to client activator-f44e1712-e934-494f-a286-e0a99d93e2e5: (9,KeyLookupResponse(echo:echoPlayVersionReport,Vector()))
Sending msg to client activator-f44e1712-e934-494f-a286-e0a99d93e2e5: (10,KeyLookupResponse(echo:echoAkkaVersionReport,Vector()))
Sending msg to client activator-f44e1712-e934-494f-a286-e0a99d93e2e5: (11,KeyLookupResponse(echo:echoTracePlayVersion,Vector()))
Sending msg to client activator-f44e1712-e934-494f-a286-e0a99d93e2e5: (12,KeyLookupResponse(echo:echoAkkaVersionReport,Vector()))
Sending msg to client activator-f44e1712-e934-494f-a286-e0a99d93e2e5: (13,KeyLookupResponse(discoveredMainClasses,Vector(AttributeKey[scala.collection.Seq[java.lang.String]]("discoveredMainClasses") in Scope(Build: file:/C:/Users/Ben/play-java-intro-2/, , Project: ProjectReference(file:/C:/Users/Ben/play-java-intro-2/,root), Config: compile))))
Sending msg to client activator-f44e1712-e934-494f-a286-e0a99d93e2e5: (14,KeyLookupResponse(echo:echoTracePlayVersion,Vector()))
Sending msg to client activator-f44e1712-e934-494f-a286-e0a99d93e2e5: (15,KeyLookupResponse(mainClass,Vector(AttributeKey[scala.Option[java.lang.String]]("mainClass") in Scope(Build: file:/C:/Users/Ben/play-java-intro-2/, , Project: ProjectReference(file:/C:/Users/Ben/play-java-intro-2/,root), Config: compile))))
Sending msg to client activator-f44e1712-e934-494f-a286-e0a99d93e2e5: (16,KeyLookupResponse(echo:echoTraceSupported,Vector()))
Sending msg to client activator-f44e1712-e934-494f-a286-e0a99d93e2e5: (17,KeyLookupResponse(echo:echoPlayVersionReport,Vector()))
Sending msg to client activator-f44e1712-e934-494f-a286-e0a99d93e2e5: (18,ReceivedResponse())
Sending msg to client activator-f44e1712-e934-494f-a286-e0a99d93e2e5: ExecutionWaiting(5,{file:/C:/Users/Ben/play-java-intro-2/}root/compile:mainClass,ClientInfo(f44e1712-e934-494f-a286-e0a99d93e2e5,activator,Activator,1,Vector()))
Sending msg to client activator-f44e1712-e934-494f-a286-e0a99d93e2e5: (19,ReceivedResponse())
Sending msg to client activator-f44e1712-e934-494f-a286-e0a99d93e2e5: ExecutionStarting(5)
Sending msg to client activator-f44e1712-e934-494f-a286-e0a99d93e2e5: DetachedLogEvent(LogMessage(debug,> {file:/C:/Users/Ben/play-java-intro-2/}root/compile:mainClass))
Sending msg to client activator-f44e1712-e934-494f-a286-e0a99d93e2e5: (20,ReceivedResponse())
Sending msg to client activator-f44e1712-e934-494f-a286-e0a99d93e2e5: ExecutionWaiting(6,{file:/C:/Users/Ben/play-java-intro-2/}root/compile:discoveredMainClasses,ClientInfo(f44e1712-e934-494f-a286-e0a99d93e2e5,activator,Activator,1,Vector()))
Sending msg to client activator-f44e1712-e934-494f-a286-e0a99d93e2e5: (21,ReceivedResponse())
Sending msg to client activator-f44e1712-e934-494f-a286-e0a99d93e2e5: DetachedLogEvent(LogMessage(debug,Evaluating tasks: compile:mainClass))
Sending msg to client activator-f44e1712-e934-494f-a286-e0a99d93e2e5: DetachedLogEvent(LogMessage(debug,Running task... Cancel: sbt.server.ServerTaskCancellation@1c1c7662, check cycles: false))
Sending msg to client activator-f44e1712-e934-494f-a286-e0a99d93e2e5: DetachedLogEvent(LogMessage(debug,cancel strategy start enabled=true lastCommand=Some(LastCommand(CommandExecutionWork(ExecutionId(5),{file:/C:/Users/Ben/play-java-intro-2/}root/compile:mainClass,Set(LiveClient(activator f44e1712-e934-494f-a286-e0a99d93e2e5)),sbt.server.WorkCancellationStatus$$anon$1@93770ff)))))
Sending msg to client activator-f44e1712-e934-494f-a286-e0a99d93e2e5: TaskStarted(5,360,Some(AttributeKey[scala.Option[java.lang.String]]("mainClass") in Scope(Build: file:/C:/Users/Ben/play-java-intro-2/, , Project: ProjectReference(file:/C:/Users/Ben/play-java-intro-2/,root), Config: compile)))
Sending msg to client activator-f44e1712-e934-494f-a286-e0a99d93e2e5: TaskFinished(5,360,Some(AttributeKey[scala.Option[java.lang.String]]("mainClass") in Scope(Build: file:/C:/Users/Ben/play-java-intro-2/, , Project: ProjectReference(file:/C:/Users/Ben/play-java-intro-2/,root), Config: compile)),true,None)
Sending msg to client activator-f44e1712-e934-494f-a286-e0a99d93e2e5: ValueChanged(AttributeKey[scala.Option[java.lang.String]]("mainClass") in Scope(Build: file:/C:/Users/Ben/play-java-intro-2/, , Project: ProjectReference(file:/C:/Users/Ben/play-java-intro-2/,root), Config: compile),TaskSuccess(BuildValue(LazyValue(Some(play.core.server.NettyServer),scala.pickling.PicklerUnpickler$DelegatingPicklerUnpickler@1d0ac3d5),Some(play.core.server.NettyServer))))
Sending msg to client activator-f44e1712-e934-494f-a286-e0a99d93e2e5: TaskStarted(5,359,None)
Sending msg to client activator-f44e1712-e934-494f-a286-e0a99d93e2e5: TaskFinished(5,359,None,true,None)
Sending msg to client activator-f44e1712-e934-494f-a286-e0a99d93e2e5: TaskStarted(5,358,None)
Sending msg to client activator-f44e1712-e934-494f-a286-e0a99d93e2e5: TaskFinished(5,358,None,true,None)
Sending msg to client activator-f44e1712-e934-494f-a286-e0a99d93e2e5: DetachedLogEvent(LogMessage(debug,cancel strategy finish enabled=false lastCommand=Some(LastCommand(CommandExecutionWork(ExecutionId(5),{file:/C:/Users/Ben/play-java-intro-2/}root/compile:mainClass,Set(LiveClient(activator f44e1712-e934-494f-a286-e0a99d93e2e5)),sbt.server.WorkCancellationStatus$$anon$1@93770ff)))))
Sending msg to client activator-f44e1712-e934-494f-a286-e0a99d93e2e5: DetachedLogEvent(LogSuccess(Total time: 0 s, completed Apr 22, 2015 7:50:30 PM))
Sending msg to client activator-f44e1712-e934-494f-a286-e0a99d93e2e5: DetachedLogEvent(LogMessage(debug,> server-post-command-cleanup))
Sending msg to client activator-f44e1712-e934-494f-a286-e0a99d93e2e5: ExecutionSuccess(5)
Sending msg to client activator-f44e1712-e934-494f-a286-e0a99d93e2e5: DetachedLogEvent(LogMessage(debug,> server-handle-next-server-request))
Sending msg to client activator-f44e1712-e934-494f-a286-e0a99d93e2e5: ExecutionStarting(6)
Sending msg to client activator-f44e1712-e934-494f-a286-e0a99d93e2e5: DetachedLogEvent(LogMessage(debug,> {file:/C:/Users/Ben/play-java-intro-2/}root/compile:discoveredMainClasses))
Sending msg to client activator-f44e1712-e934-494f-a286-e0a99d93e2e5: DetachedLogEvent(LogMessage(debug,Evaluating tasks: compile:discoveredMainClasses))
Sending msg to client activator-f44e1712-e934-494f-a286-e0a99d93e2e5: DetachedLogEvent(LogMessage(debug,Running task... Cancel: sbt.server.ServerTaskCancellation@634bdfd5, check cycles: false))
Sending msg to client activator-f44e1712-e934-494f-a286-e0a99d93e2e5: DetachedLogEvent(LogMessage(debug,cancel strategy start enabled=true lastCommand=Some(LastCommand(CommandExecutionWork(ExecutionId(6),{file:/C:/Users/Ben/play-java-intro-2/}root/compile:discoveredMainClasses,Set(LiveClient(activator f44e1712-e934-494f-a286-e0a99d93e2e5)),sbt.server.WorkCancellationStatus$$anon$1@931bdb3)))))
Sending msg to client activator-f44e1712-e934-494f-a286-e0a99d93e2e5: TaskStarted(6,369,None)
Sending msg to client activator-f44e1712-e934-494f-a286-e0a99d93e2e5: TaskStarted(6,373,None)
Sending msg to client activator-f44e1712-e934-494f-a286-e0a99d93e2e5: TaskStarted(6,379,Some(AttributeKey[boolean]("skip") in Scope(Global)))
Sending msg to client activator-f44e1712-e934-494f-a286-e0a99d93e2e5: TaskStarted(6,381,None)
Sending msg to client activator-f44e1712-e934-494f-a286-e0a99d93e2e5: TaskStarted(6,385,Some(AttributeKey[java.lang.String]("updateCacheName") in Scope(Build: file:/C:/Users/Ben/play-java-intro-2/, , Project: ProjectReference(file:/C:/Users/Ben/play-java-intro-2/,root))))
Sending msg to client activator-f44e1712-e934-494f-a286-e0a99d93e2e5: TaskStarted(6,387,None)
Sending msg to client activator-f44e1712-e934-494f-a286-e0a99d93e2e5: TaskStarted(6,388,None)
Sending msg to client activator-f44e1712-e934-494f-a286-e0a99d93e2e5: TaskStarted(6,389,None)
Sending msg to client activator-f44e1712-e934-494f-a286-e0a99d93e2e5: TaskStarted(6,397,Some(AttributeKey[scala.Option[scala.collection.Seq[sbt.Resolver]]]("bootResolvers") in Scope(Build: file:/C:/Users/Ben/play-java-intro-2/, , Project: ProjectReference(file:/C:/Users/Ben/play-java-intro-2/,root))))
Sending msg to client activator-f44e1712-e934-494f-a286-e0a99d93e2e5: TaskStarted(6,401,Some(AttributeKey[scala.collection.Seq[sbt.Resolver]]("externalResolvers") in Scope(Build: file:/C:/Users/Ben/play-java-intro-2/, , Project: ProjectReference(file:/C:/Users/Ben/play-java-intro-2/,root))))
Sending msg to client activator-f44e1712-e934-494f-a286-e0a99d93e2e5: TaskStarted(6,403,Some(AttributeKey[scala.collection.Seq[sbt.Credentials]]("credentials") in Scope(Global)))
Sending msg to client activator-f44e1712-e934-494f-a286-e0a99d93e2e5: TaskStarted(6,405,None)
Sending msg to client activator-f44e1712-e934-494f-a286-e0a99d93e2e5: TaskStarted(6,418,None)
Sending msg to client activator-f44e1712-e934-494f-a286-e0a99d93e2e5: TaskStarted(6,423,None)
Sending msg to client activator-f44e1712-e934-494f-a286-e0a99d93e2e5: TaskStarted(6,424,Some(AttributeKey[scala.collection.Seq[java.lang.String]]("scalacOptions") in Scope(Global)))
Sending msg to client activator-f44e1712-e934-494f-a286-e0a99d93e2e5: TaskStarted(6,425,Some(AttributeKey[scala.collection.Seq[scala.Function1[xsbti.Position,scala.Option[xsbti.Position]]]]("sourcePositionMappers") in Scope(Global)))
Sending msg to client activator-f44e1712-e934-494f-a286-e0a99d93e2e5: TaskStarted(6,427,Some(AttributeKey[scala.collection.Seq[java.lang.String]]("javacOptions") in Scope(Global)))
Sending msg to client activator-f44e1712-e934-494f-a286-e0a99d93e2e5: TaskStarted(6,428,None)
Sending msg to client activator-f44e1712-e934-494f-a286-e0a99d93e2e5: TaskStarted(6,436,Some(AttributeKey[sbt.inc.IncOptions]("incOptions") in Scope(Global)))
Sending msg to client activator-f44e1712-e934-494f-a286-e0a99d93e2e5: TaskStarted(6,437,Some(AttributeKey[java.lang.String]("compileAnalysisFilename") in Scope(Build: file:/C:/Users/Ben/play-java-intro-2/, , Project: ProjectReference(file:/C:/Users/Ben/play-java-intro-2/,root), Config: compile)))
Sending msg to client activator-f44e1712-e934-494f-a286-e0a99d93e2e5: TaskStarted(6,438,Some(AttributeKey[scala.Function1[java.io.File,scala.Function1[java.lang.String,boolean]]]("definesClass") in Scope(Global)))
Sending msg to client activator-f44e1712-e934-494f-a286-e0a99d93e2e5: TaskStarted(6,442,None)
Sending msg to client activator-f44e1712-e934-494f-a286-e0a99d93e2e5: TaskStarted(6,451,Some(AttributeKey[scala.collection.Seq[java.io.File]]("unmanagedSources") in Scope(Build: file:/C:/Users/Ben/play-java-intro-2/, , Project: ProjectReference(file:/C:/Users/Ben/play-java-intro-2/,root), Config: compile)))
Sending msg to client activator-f44e1712-e934-494f-a286-e0a99d93e2e5: TaskStarted(6,458,Some(AttributeKey[sbt.SendEventService]("sendEventService") in Scope(Global)))
Sending msg to client activator-f44e1712-e934-494f-a286-e0a99d93e2e5: TaskFinished(6,369,None,true,None)
Sending msg to client activator-f44e1712-e934-494f-a286-e0a99d93e2e5: TaskStarted(6,368,None)
Sending msg to client activator-f44e1712-e934-494f-a286-e0a99d93e2e5: TaskStarted(6,376,None)
Sending msg to client activator-f44e1712-e934-494f-a286-e0a99d93e2e5: TaskStarted(6,384,None)
Sending msg to client activator-f44e1712-e934-494f-a286-e0a99d93e2e5: TaskStarted(6,400,None)
Sending msg to client activator-f44e1712-e934-494f-a286-e0a99d93e2e5: TaskStarted(6,402,None)
Sending msg to client activator-f44e1712-e934-494f-a286-e0a99d93e2e5: TaskStarted(6,404,None)
Sending msg to client activator-f44e1712-e934-494f-a286-e0a99d93e2e5: TaskStarted(6,409,None)
Sending msg to client activator-f44e1712-e934-494f-a286-e0a99d93e2e5: TaskStarted(6,412,None)
Sending msg to client activator-f44e1712-e934-494f-a286-e0a99d93e2e5: TaskStarted(6,414,None)
Sending msg to client activator-f44e1712-e934-494f-a286-e0a99d93e2e5: TaskStarted(6,415,None)
Sending msg to client activator-f44e1712-e934-494f-a286-e0a99d93e2e5: TaskStarted(6,431,None)
Sending msg to client activator-f44e1712-e934-494f-a286-e0a99d93e2e5: TaskStarted(6,434,None)
Sending msg to client activator-f44e1712-e934-494f-a286-e0a99d93e2e5: TaskStarted(6,440,None)
Sending msg to client activator-f44e1712-e934-494f-a286-e0a99d93e2e5: TaskStarted(6,448,None)
Sending msg to client activator-f44e1712-e934-494f-a286-e0a99d93e2e5: TaskStarted(6,455,None)
Sending msg to client activator-f44e1712-e934-494f-a286-e0a99d93e2e5: TaskStarted(6,457,None)
Sending msg to client activator-f44e1712-e934-494f-a286-e0a99d93e2e5: TaskFinished(6,373,None,true,None)
Sending msg to client activator-f44e1712-e934-494f-a286-e0a99d93e2e5: TaskStarted(6,372,Some(AttributeKey[sbt.BuildStructure]("buildStructure") in Scope(Global)))
Sending msg to client activator-f44e1712-e934-494f-a286-e0a99d93e2e5: TaskStarted(6,378,Some(AttributeKey[java.io.File]("dependencyCacheDirectory") in Scope(Build: file:/C:/Users/Ben/play-java-intro-2/, , Project: ProjectReference(file:/C:/Users/Ben/play-java-intro-2/,root))))
Sending msg to client activator-f44e1712-e934-494f-a286-e0a99d93e2e5: TaskStarted(6,433,Some(AttributeKey[xsbti.compile.GlobalsCache]("compilerCache") in Scope(Global)))
Sending msg to client activator-f44e1712-e934-494f-a286-e0a99d93e2e5: TaskStarted(6,449,None)
Sending msg to client activator-f44e1712-e934-494f-a286-e0a99d93e2e5: TaskFinished(6,379,Some(AttributeKey[boolean]("skip") in Scope(Global)),true,None)
Sending msg to client activator-f44e1712-e934-494f-a286-e0a99d93e2e5: TaskFinished(6,381,None,true,None)
Sending msg to client activator-f44e1712-e934-494f-a286-e0a99d93e2e5: TaskFinished(6,385,Some(AttributeKey[java.lang.String]("updateCacheName") in Scope(Build: file:/C:/Users/Ben/play-java-intro-2/, , Project: ProjectReference(file:/C:/Users/Ben/play-java-intro-2/,root))),true,None)
Sending msg to client activator-f44e1712-e934-494f-a286-e0a99d93e2e5: TaskFinished(6,387,None,true,None)
Sending msg to client activator-f44e1712-e934-494f-a286-e0a99d93e2e5: TaskFinished(6,388,None,true,None)
Sending msg to client activator-f44e1712-e934-494f-a286-e0a99d93e2e5: TaskStarted(6,386,Some(AttributeKey[scala.collection.Seq[sbt.UpdateReport]]("transitiveUpdate") in Scope(Build: file:/C:/Users/Ben/play-java-intro-2/, , Project: ProjectReference(file:/C:/Users/Ben/play-java-intro-2/,root))))
Sending msg to client activator-f44e1712-e934-494f-a286-e0a99d93e2e5: TaskFinished(6,397,Some(AttributeKey[scala.Option[scala.collection.Seq[sbt.Resolver]]]("bootResolvers") in Scope(Build: file:/C:/Users/Ben/play-java-intro-2/, , Project: ProjectReference(file:/C:/Users/Ben/play-java-intro-2/,root))),true,None)
Sending msg to client activator-f44e1712-e934-494f-a286-e0a99d93e2e5: TaskFinished(6,401,Some(AttributeKey[scala.collection.Seq[sbt.Resolver]]("externalResolvers") in Scope(Build: file:/C:/Users/Ben/play-java-intro-2/, , Project: ProjectReference(file:/C:/Users/Ben/play-java-intro-2/,root))),true,None)
Sending msg to client activator-f44e1712-e934-494f-a286-e0a99d93e2e5: TaskFinished(6,403,Some(AttributeKey[scala.collection.Seq[sbt.Credentials]]("credentials") in Scope(Global)),true,None)
Sending msg to client activator-f44e1712-e934-494f-a286-e0a99d93e2e5: TaskFinished(6,405,None,true,None)
Sending msg to client activator-f44e1712-e934-494f-a286-e0a99d93e2e5: TaskFinished(6,418,None,true,None)
Sending msg to client activator-f44e1712-e934-494f-a286-e0a99d93e2e5: TaskFinished(6,423,None,true,None)
Sending msg to client activator-f44e1712-e934-494f-a286-e0a99d93e2e5: TaskFinished(6,425,Some(AttributeKey[scala.collection.Seq[scala.Function1[xsbti.Position,scala.Option[xsbti.Position]]]]("sourcePositionMappers") in Scope(Global)),true,None)
Sending msg to client activator-f44e1712-e934-494f-a286-e0a99d93e2e5: TaskFinished(6,428,None,true,None)
Sending msg to client activator-f44e1712-e934-494f-a286-e0a99d93e2e5: TaskFinished(6,436,Some(AttributeKey[sbt.inc.IncOptions]("incOptions") in Scope(Global)),true,None)
Sending msg to client activator-f44e1712-e934-494f-a286-e0a99d93e2e5: TaskStarted(6,435,Some(AttributeKey[sbt.inc.IncOptions]("incOptions") in Scope(Build: file:/C:/Users/Ben/play-java-intro-2/, , Project: ProjectReference(file:/C:/Users/Ben/play-java-intro-2/,root))))
Sending msg to client activator-f44e1712-e934-494f-a286-e0a99d93e2e5: TaskFinished(6,437,Some(AttributeKey[java.lang.String]("compileAnalysisFilename") in Scope(Build: file:/C:/Users/Ben/play-java-intro-2/, , Project: ProjectReference(file:/C:/Users/Ben/play-java-intro-2/,root), Config: compile)),true,None)
Sending msg to client activator-f44e1712-e934-494f-a286-e0a99d93e2e5: TaskFinished(6,438,Some(AttributeKey[scala.Function1[java.io.File,scala.Function1[java.lang.String,boolean]]]("definesClass") in Scope(Global)),true,None)
Sending msg to client activator-f44e1712-e934-494f-a286-e0a99d93e2e5: TaskFinished(6,442,None,true,None)
Sending msg to client activator-f44e1712-e934-494f-a286-e0a99d93e2e5: TaskFinished(6,458,Some(AttributeKey[sbt.SendEventService]("sendEventService") in Scope(Global)),true,None)
Sending msg to client activator-f44e1712-e934-494f-a286-e0a99d93e2e5: TaskFinished(6,424,Some(AttributeKey[scala.collection.Seq[java.lang.String]]("scalacOptions") in Scope(Global)),true,None)
Sending msg to client activator-f44e1712-e934-494f-a286-e0a99d93e2e5: TaskStarted(6,422,Some(AttributeKey[scala.collection.Seq[java.lang.String]]("scalacOptions") in Scope(Build: file:/C:/Users/Ben/play-java-intro-2/, , Project: ProjectReference(file:/C:/Users/Ben/play-java-intro-2/,root))))
Sending msg to client activator-f44e1712-e934-494f-a286-e0a99d93e2e5: TaskFinished(6,451,Some(AttributeKey[scala.collection.Seq[java.io.File]]("unmanagedSources") in Scope(Build: file:/C:/Users/Ben/play-java-intro-2/, , Project: ProjectReference(file:/C:/Users/Ben/play-java-intro-2/,root), Config: compile)),true,None)
Sending msg to client activator-f44e1712-e934-494f-a286-e0a99d93e2e5: TaskStarted(6,450,Some(AttributeKey[scala.collection.Seq[java.io.File]]("unmanagedSources") in Scope(Build: file:/C:/Users/Ben/play-java-intro-2/, , Project: ProjectReference(file:/C:/Users/Ben/play-java-intro-2/,root), Config: compile)))
Sending msg to client activator-f44e1712-e934-494f-a286-e0a99d93e2e5: TaskFinished(6,368,None,true,None)
Sending msg to client activator-f44e1712-e934-494f-a286-e0a99d93e2e5: TaskFinished(6,376,None,true,None)
Sending msg to client activator-f44e1712-e934-494f-a286-e0a99d93e2e5: TaskFinished(6,404,None,true,None)
Sending msg to client activator-f44e1712-e934-494f-a286-e0a99d93e2e5: TaskFinished(6,412,None,true,None)
Sending msg to client activator-f44e1712-e934-494f-a286-e0a99d93e2e5: TaskFinished(6,414,None,true,None)
Sending msg to client activator-f44e1712-e934-494f-a286-e0a99d93e2e5: TaskFinished(6,415,None,true,None)
Sending msg to client activator-f44e1712-e934-494f-a286-e0a99d93e2e5: TaskFinished(6,427,Some(AttributeKey[scala.collection.Seq[java.lang.String]]("javacOptions") in Scope(Global)),true,None)
Sending msg to client activator-f44e1712-e934-494f-a286-e0a99d93e2e5: TaskStarted(6,426,Some(AttributeKey[scala.collection.Seq[java.lang.String]]("javacOptions") in Scope(Build: file:/C:/Users/Ben/play-java-intro-2/, , Project: ProjectReference(file:/C:/Users/Ben/play-java-intro-2/,root), Config: compile)))
Sending msg to client activator-f44e1712-e934-494f-a286-e0a99d93e2e5: TaskFinished(6,409,None,true,None)
Sending msg to client activator-f44e1712-e934-494f-a286-e0a99d93e2e5: TaskFinished(6,400,None,true,None)
Sending msg to client activator-f44e1712-e934-494f-a286-e0a99d93e2e5: TaskFinished(6,402,None,true,None)
Sending msg to client activator-f44e1712-e934-494f-a286-e0a99d93e2e5: TaskFinished(6,384,None,true,None)
Sending msg to client activator-f44e1712-e934-494f-a286-e0a99d93e2e5: TaskStarted(6,383,Some(AttributeKey[scala.collection.immutable.Map[sbt.ModuleID,sbt.SourcePosition]]("dependencyPositions") in Scope(Build: file:/C:/Users/Ben/play-java-intro-2/, , Project: ProjectReference(file:/C:/Users/Ben/play-java-intro-2/,root))))
Sending msg to client activator-f44e1712-e934-494f-a286-e0a99d93e2e5: TaskFinished(6,455,None,true,None)
Sending msg to client activator-f44e1712-e934-494f-a286-e0a99d93e2e5: TaskFinished(6,457,None,true,None)
Sending msg to client activator-f44e1712-e934-494f-a286-e0a99d93e2e5: TaskFinished(6,431,None,true,None)
Sending msg to client activator-f44e1712-e934-494f-a286-e0a99d93e2e5: TaskFinished(6,434,None,true,None)
Sending msg to client activator-f44e1712-e934-494f-a286-e0a99d93e2e5: TaskFinished(6,372,Some(AttributeKey[sbt.BuildStructure]("buildStructure") in Scope(Global)),true,None)
Sending msg to client activator-f44e1712-e934-494f-a286-e0a99d93e2e5: TaskStarted(6,371,Some(AttributeKey[sbt.Settings[sbt.Scope]]("settingsData") in Scope(Global)))
Sending msg to client activator-f44e1712-e934-494f-a286-e0a99d93e2e5: TaskFinished(6,448,None,true,None)
Sending msg to client activator-f44e1712-e934-494f-a286-e0a99d93e2e5: TaskFinished(6,433,Some(AttributeKey[xsbti.compile.GlobalsCache]("compilerCache") in Scope(Global)),true,None)
Sending msg to client activator-f44e1712-e934-494f-a286-e0a99d93e2e5: TaskFinished(6,378,Some(AttributeKey[java.io.File]("dependencyCacheDirectory") in Scope(Build: file:/C:/Users/Ben/play-java-intro-2/, , Project: ProjectReference(file:/C:/Users/Ben/play-java-intro-2/,root))),true,None)
Sending msg to client activator-f44e1712-e934-494f-a286-e0a99d93e2e5: TaskFinished(6,386,Some(AttributeKey[scala.collection.Seq[sbt.UpdateReport]]("transitiveUpdate") in Scope(Build: file:/C:/Users/Ben/play-java-intro-2/, , Project: ProjectReference(file:/C:/Users/Ben/play-java-intro-2/,root))),true,None)
Sending msg to client activator-f44e1712-e934-494f-a286-e0a99d93e2e5: TaskFinished(6,449,None,true,None)
Sending msg to client activator-f44e1712-e934-494f-a286-e0a99d93e2e5: TaskFinished(6,426,Some(AttributeKey[scala.collection.Seq[java.lang.String]]("javacOptions") in Scope(Build: file:/C:/Users/Ben/play-java-intro-2/, , Project: ProjectReference(file:/C:/Users/Ben/play-java-intro-2/,root), Config: compile)),true,None)
Sending msg to client activator-f44e1712-e934-494f-a286-e0a99d93e2e5: TaskFinished(6,371,Some(AttributeKey[sbt.Settings[sbt.Scope]]("settingsData") in Scope(Global)),true,None)
Sending msg to client activator-f44e1712-e934-494f-a286-e0a99d93e2e5: TaskStarted(6,380,None)
Sending msg to client activator-f44e1712-e934-494f-a286-e0a99d93e2e5: TaskStarted(6,393,Some(AttributeKey[scala.collection.Seq[sbt.ModuleID]]("projectDependencies") in Scope(Build: file:/C:/Users/Ben/play-java-intro-2/, , Project: ProjectReference(file:/C:/Users/Ben/play-java-intro-2/,root))))
Sending msg to client activator-f44e1712-e934-494f-a286-e0a99d93e2e5: TaskStarted(6,399,Some(AttributeKey[scala.collection.immutable.Map[org.apache.ivy.core.module.id.ModuleRevisionId,org.apache.ivy.core.module.descriptor.ModuleDescriptor]]("projectDescriptors") in Scope(Build: file:/C:/Users/Ben/play-java-intro-2/, , Project: ProjectReference(file:/C:/Users/Ben/play-java-intro-2/,root))))
Sending msg to client activator-f44e1712-e934-494f-a286-e0a99d93e2e5: TaskStarted(6,410,None)
Sending msg to client activator-f44e1712-e934-494f-a286-e0a99d93e2e5: TaskStarted(6,430,None)
Sending msg to client activator-f44e1712-e934-494f-a286-e0a99d93e2e5: TaskStarted(6,441,Some(AttributeKey[sbt.ScalaInstance]("scalaInstance") in Scope(Build: file:/C:/Users/Ben/play-java-intro-2/, , Project: ProjectReference(file:/C:/Users/Ben/play-java-intro-2/,root))))
Sending msg to client activator-f44e1712-e934-494f-a286-e0a99d93e2e5: TaskStarted(6,460,None)
Sending msg to client activator-f44e1712-e934-494f-a286-e0a99d93e2e5: TaskFinished(6,393,Some(AttributeKey[scala.collection.Seq[sbt.ModuleID]]("projectDependencies") in Scope(Build: file:/C:/Users/Ben/play-java-intro-2/, , Project: ProjectReference(file:/C:/Users/Ben/play-java-intro-2/,root))),true,None)
Sending msg to client activator-f44e1712-e934-494f-a286-e0a99d93e2e5: TaskStarted(6,392,Some(AttributeKey[scala.collection.Seq[sbt.ModuleID]]("allDependencies") in Scope(Build: file:/C:/Users/Ben/play-java-intro-2/, , Project: ProjectReference(file:/C:/Users/Ben/play-java-intro-2/,root))))
Sending msg to client activator-f44e1712-e934-494f-a286-e0a99d93e2e5: TaskStarted(6,462,None)
Sending msg to client activator-f44e1712-e934-494f-a286-e0a99d93e2e5: TaskStarted(6,467,None)
Sending msg to client activator-f44e1712-e934-494f-a286-e0a99d93e2e5: TaskStarted(6,469,None)
Sending msg to client activator-f44e1712-e934-494f-a286-e0a99d93e2e5: TaskStarted(6,470,None)
Sending msg to client activator-f44e1712-e934-494f-a286-e0a99d93e2e5: TaskStarted(6,472,None)
Sending msg to client activator-f44e1712-e934-494f-a286-e0a99d93e2e5: TaskFinished(6,460,None,true,None)
Sending msg to client activator-f44e1712-e934-494f-a286-e0a99d93e2e5: TaskFinished(6,380,None,true,None)
Sending msg to client activator-f44e1712-e934-494f-a286-e0a99d93e2e5: TaskFinished(6,392,Some(AttributeKey[scala.collection.Seq[sbt.ModuleID]]("allDependencies") in Scope(Build: file:/C:/Users/Ben/play-java-intro-2/, , Project: ProjectReference(file:/C:/Users/Ben/play-java-intro-2/,root))),true,None)
Sending msg to client activator-f44e1712-e934-494f-a286-e0a99d93e2e5: TaskStarted(6,391,Some(AttributeKey[sbt.ModuleSettings]("moduleSettings") in Scope(Build: file:/C:/Users/Ben/play-java-intro-2/, , Project: ProjectReference(file:/C:/Users/Ben/play-java-intro-2/,root))))
Sending msg to client activator-f44e1712-e934-494f-a286-e0a99d93e2e5: TaskFinished(6,462,None,true,None)
Sending msg to client activator-f44e1712-e934-494f-a286-e0a99d93e2e5: TaskStarted(6,461,None)
Sending msg to client activator-f44e1712-e934-494f-a286-e0a99d93e2e5: TaskFinished(6,467,None,true,None)
Sending msg to client activator-f44e1712-e934-494f-a286-e0a99d93e2e5: TaskStarted(6,466,None)
Sending msg to client activator-f44e1712-e934-494f-a286-e0a99d93e2e5: TaskFinished(6,469,None,true,None)
Sending msg to client activator-f44e1712-e934-494f-a286-e0a99d93e2e5: TaskFinished(6,470,None,true,None)
Sending msg to client activator-f44e1712-e934-494f-a286-e0a99d93e2e5: TaskStarted(6,468,Some(AttributeKey[scala.collection.Seq[sbt.Attributed[java.io.File]]]("unmanagedJars") in Scope(Build: file:/C:/Users/Ben/play-java-intro-2/, , Project: ProjectReference(file:/C:/Users/Ben/play-java-intro-2/,root), Config: compile)))
Sending msg to client activator-f44e1712-e934-494f-a286-e0a99d93e2e5: TaskFinished(6,472,None,true,None)
Sending msg to client activator-f44e1712-e934-494f-a286-e0a99d93e2e5: TaskStarted(6,471,None)
Sending msg to client activator-f44e1712-e934-494f-a286-e0a99d93e2e5: TaskFinished(6,391,Some(AttributeKey[sbt.ModuleSettings]("moduleSettings") in Scope(Build: file:/C:/Users/Ben/play-java-intro-2/, , Project: ProjectReference(file:/C:/Users/Ben/play-java-intro-2/,root))),true,None)
Sending msg to client activator-f44e1712-e934-494f-a286-e0a99d93e2e5: TaskFinished(6,461,None,true,None)
Sending msg to client activator-f44e1712-e934-494f-a286-e0a99d93e2e5: TaskFinished(6,399,Some(AttributeKey[scala.collection.immutable.Map[org.apache.ivy.core.module.id.ModuleRevisionId,org.apache.ivy.core.module.descriptor.ModuleDescriptor]]("projectDescriptors") in Scope(Build: file:/C:/Users/Ben/play-java-intro-2/, , Project: ProjectReference(file:/C:/Users/Ben/play-java-intro-2/,root))),true,None)
Sending msg to client activator-f44e1712-e934-494f-a286-e0a99d93e2e5: TaskStarted(6,398,Some(AttributeKey[sbt.Resolver]("projectResolver") in Scope(Build: file:/C:/Users/Ben/play-java-intro-2/, , Project: ProjectReference(file:/C:/Users/Ben/play-java-intro-2/,root))))
Sending msg to client activator-f44e1712-e934-494f-a286-e0a99d93e2e5: TaskStarted(6,474,None)
Sending msg to client activator-f44e1712-e934-494f-a286-e0a99d93e2e5: TaskFinished(6,468,Some(AttributeKey[scala.collection.Seq[sbt.Attributed[java.io.File]]]("unmanagedJars") in Scope(Build: file:/C:/Users/Ben/play-java-intro-2/, , Project: ProjectReference(file:/C:/Users/Ben/play-java-intro-2/,root), Config: compile)),true,None)
Sending msg to client activator-f44e1712-e934-494f-a286-e0a99d93e2e5: TaskFinished(6,450,Some(AttributeKey[scala.collection.Seq[java.io.File]]("unmanagedSources") in Scope(Build: file:/C:/Users/Ben/play-java-intro-2/, , Project: ProjectReference(file:/C:/Users/Ben/play-java-intro-2/,root), Config: compile)),true,None)
Sending msg to client activator-f44e1712-e934-494f-a286-e0a99d93e2e5: TaskFinished(6,435,Some(AttributeKey[sbt.inc.IncOptions]("incOptions") in Scope(Build: file:/C:/Users/Ben/play-java-intro-2/, , Project: ProjectReference(file:/C:/Users/Ben/play-java-intro-2/,root))),true,None)
Sending msg to client activator-f44e1712-e934-494f-a286-e0a99d93e2e5: TaskFinished(6,398,Some(AttributeKey[sbt.Resolver]("projectResolver") in Scope(Build: file:/C:/Users/Ben/play-java-intro-2/, , Project: ProjectReference(file:/C:/Users/Ben/play-java-intro-2/,root))),true,None)
Sending msg to client activator-f44e1712-e934-494f-a286-e0a99d93e2e5: TaskStarted(6,396,Some(AttributeKey[scala.collection.Seq[sbt.Resolver]]("fullResolvers") in Scope(Build: file:/C:/Users/Ben/play-java-intro-2/, , Project: ProjectReference(file:/C:/Users/Ben/play-java-intro-2/,root))))
Sending msg to client activator-f44e1712-e934-494f-a286-e0a99d93e2e5: TaskFinished(6,471,None,true,None)
Sending msg to client activator-f44e1712-e934-494f-a286-e0a99d93e2e5: TaskFinished(6,430,None,true,None)
Sending msg to client activator-f44e1712-e934-494f-a286-e0a99d93e2e5: TaskFinished(6,383,Some(AttributeKey[scala.collection.immutable.Map[sbt.ModuleID,sbt.SourcePosition]]("dependencyPositions") in Scope(Build: file:/C:/Users/Ben/play-java-intro-2/, , Project: ProjectReference(file:/C:/Users/Ben/play-java-intro-2/,root))),true,None)
Sending msg to client activator-f44e1712-e934-494f-a286-e0a99d93e2e5: TaskStarted(6,382,Some(AttributeKey[sbt.UnresolvedWarningConfiguration]("unresolvedWarningConfiguration") in Scope(Build: file:/C:/Users/Ben/play-java-intro-2/, , Project: ProjectReference(file:/C:/Users/Ben/play-java-intro-2/,root), Task: AttributeKey[sbt.UpdateReport]("update"))))
Sending msg to client activator-f44e1712-e934-494f-a286-e0a99d93e2e5: TaskFinished(6,440,None,true,None)
Sending msg to client activator-f44e1712-e934-494f-a286-e0a99d93e2e5: TaskFinished(6,474,None,true,None)
Sending msg to client activator-f44e1712-e934-494f-a286-e0a99d93e2e5: TaskFinished(6,466,None,true,None)
Sending msg to client activator-f44e1712-e934-494f-a286-e0a99d93e2e5: TaskStarted(6,465,Some(AttributeKey[scala.collection.Seq[sbt.Attributed[java.io.File]]]("unmanagedJars") in Scope(Build: file:/C:/Users/Ben/play-java-intro-2/, , Project: ProjectReference(file:/C:/Users/Ben/play-java-intro-2/,root), Config: compile)))
Sending msg to client activator-f44e1712-e934-494f-a286-e0a99d93e2e5: TaskFinished(6,422,Some(AttributeKey[scala.collection.Seq[java.lang.String]]("scalacOptions") in Scope(Build: file:/C:/Users/Ben/play-java-intro-2/, , Project: ProjectReference(file:/C:/Users/Ben/play-java-intro-2/,root))),true,None)
Sending msg to client activator-f44e1712-e934-494f-a286-e0a99d93e2e5: TaskStarted(6,421,Some(AttributeKey[java.lang.String]("twirlSourceEncoding") in Scope(Build: file:/C:/Users/Ben/play-java-intro-2/, , Project: ProjectReference(file:/C:/Users/Ben/play-java-intro-2/,root))))
Sending msg to client activator-f44e1712-e934-494f-a286-e0a99d93e2e5: TaskFinished(6,382,Some(AttributeKey[sbt.UnresolvedWarningConfiguration]("unresolvedWarningConfiguration") in Scope(Build: file:/C:/Users/Ben/play-java-intro-2/, , Project: ProjectReference(file:/C:/Users/Ben/play-java-intro-2/,root), Task: AttributeKey[sbt.UpdateReport]("update"))),true,None)
Sending msg to client activator-f44e1712-e934-494f-a286-e0a99d93e2e5: TaskFinished(6,421,Some(AttributeKey[java.lang.String]("twirlSourceEncoding") in Scope(Build: file:/C:/Users/Ben/play-java-intro-2/, , Project: ProjectReference(file:/C:/Users/Ben/play-java-intro-2/,root))),true,None)
Sending msg to client activator-f44e1712-e934-494f-a286-e0a99d93e2e5: TaskStarted(6,420,None)
Sending msg to client activator-f44e1712-e934-494f-a286-e0a99d93e2e5: TaskStarted(6,447,None)
Sending msg to client activator-f44e1712-e934-494f-a286-e0a99d93e2e5: TaskFinished(6,389,None,true,None)
Sending msg to client activator-f44e1712-e934-494f-a286-e0a99d93e2e5: TaskFinished(6,420,None,true,None)
Sending msg to client activator-f44e1712-e934-494f-a286-e0a99d93e2e5: TaskStarted(6,419,Some(AttributeKey[scala.collection.Seq[scala.Function1[xsbti.Position,scala.Option[xsbti.Position]]]]("sourcePositionMappers") in Scope(Build: file:/C:/Users/Ben/play-java-intro-2/, , Project: ProjectReference(file:/C:/Users/Ben/play-java-intro-2/,root))))
Sending msg to client activator-f44e1712-e934-494f-a286-e0a99d93e2e5: TaskFinished(6,419,Some(AttributeKey[scala.collection.Seq[scala.Function1[xsbti.Position,scala.Option[xsbti.Position]]]]("sourcePositionMappers") in Scope(Build: file:/C:/Users/Ben/play-java-intro-2/, , Project: ProjectReference(file:/C:/Users/Ben/play-java-intro-2/,root))),true,None)
Sending msg to client activator-f44e1712-e934-494f-a286-e0a99d93e2e5: TaskStarted(6,417,Some(AttributeKey[scala.collection.Seq[scala.Function1[xsbti.Position,scala.Option[xsbti.Position]]]]("sourcePositionMappers") in Scope(Build: file:/C:/Users/Ben/play-java-intro-2/, , Project: ProjectReference(file:/C:/Users/Ben/play-java-intro-2/,root))))
Sending msg to client activator-f44e1712-e934-494f-a286-e0a99d93e2e5: TaskFinished(6,417,Some(AttributeKey[scala.collection.Seq[scala.Function1[xsbti.Position,scala.Option[xsbti.Position]]]]("sourcePositionMappers") in Scope(Build: file:/C:/Users/Ben/play-java-intro-2/, , Project: ProjectReference(file:/C:/Users/Ben/play-java-intro-2/,root))),true,None)
Sending msg to client activator-f44e1712-e934-494f-a286-e0a99d93e2e5: TaskFinished(6,465,Some(AttributeKey[scala.collection.Seq[sbt.Attributed[java.io.File]]]("unmanagedJars") in Scope(Build: file:/C:/Users/Ben/play-java-intro-2/, , Project: ProjectReference(file:/C:/Users/Ben/play-java-intro-2/,root), Config: compile)),true,None)
Sending msg to client activator-f44e1712-e934-494f-a286-e0a99d93e2e5: TaskStarted(6,464,None)
Sending msg to client activator-f44e1712-e934-494f-a286-e0a99d93e2e5: TaskFinished(6,464,None,true,None)
Sending msg to client activator-f44e1712-e934-494f-a286-e0a99d93e2e5: TaskStarted(6,463,None)
Sending msg to client activator-f44e1712-e934-494f-a286-e0a99d93e2e5: TaskFinished(6,463,None,true,None)
Sending msg to client activator-f44e1712-e934-494f-a286-e0a99d93e2e5: TaskFinished(6,410,None,true,None)
Sending msg to client activator-f44e1712-e934-494f-a286-e0a99d93e2e5: TaskStarted(6,408,Some(AttributeKey[scala.collection.Seq[sbt.Attributed[java.io.File]]]("unmanagedClasspath") in Scope(Build: file:/C:/Users/Ben/play-java-intro-2/, , Project: ProjectReference(file:/C:/Users/Ben/play-java-intro-2/,root), Config: compile)))
Sending msg to client activator-f44e1712-e934-494f-a286-e0a99d93e2e5: TaskFinished(6,408,Some(AttributeKey[scala.collection.Seq[sbt.Attributed[java.io.File]]]("unmanagedClasspath") in Scope(Build: file:/C:/Users/Ben/play-java-intro-2/, , Project: ProjectReference(file:/C:/Users/Ben/play-java-intro-2/,root), Config: compile)),true,None)
Sending msg to client activator-f44e1712-e934-494f-a286-e0a99d93e2e5: TaskFinished(6,396,Some(AttributeKey[scala.collection.Seq[sbt.Resolver]]("fullResolvers") in Scope(Build: file:/C:/Users/Ben/play-java-intro-2/, , Project: ProjectReference(file:/C:/Users/Ben/play-java-intro-2/,root))),true,None)
Sending msg to client activator-f44e1712-e934-494f-a286-e0a99d93e2e5: TaskStarted(6,395,Some(AttributeKey[sbt.IvyConfiguration]("ivyConfiguration") in Scope(Build: file:/C:/Users/Ben/play-java-intro-2/, , Project: ProjectReference(file:/C:/Users/Ben/play-java-intro-2/,root))))
Sending msg to client activator-f44e1712-e934-494f-a286-e0a99d93e2e5: TaskFinished(6,395,Some(AttributeKey[sbt.IvyConfiguration]("ivyConfiguration") in Scope(Build: file:/C:/Users/Ben/play-java-intro-2/, , Project: ProjectReference(file:/C:/Users/Ben/play-java-intro-2/,root))),true,None)
Sending msg to client activator-f44e1712-e934-494f-a286-e0a99d93e2e5: TaskStarted(6,394,Some(AttributeKey[sbt.IvySbt]("ivySbt") in Scope(Build: file:/C:/Users/Ben/play-java-intro-2/, , Project: ProjectReference(file:/C:/Users/Ben/play-java-intro-2/,root))))
Sending msg to client activator-f44e1712-e934-494f-a286-e0a99d93e2e5: TaskFinished(6,447,None,true,None)
Sending msg to client activator-f44e1712-e934-494f-a286-e0a99d93e2e5: TaskStarted(6,446,Some(AttributeKey[scala.collection.Seq[java.io.File]]("twirlCompileTemplates") in Scope(Build: file:/C:/Users/Ben/play-java-intro-2/, , Project: ProjectReference(file:/C:/Users/Ben/play-java-intro-2/,root), Config: compile)))
Sending msg to client activator-f44e1712-e934-494f-a286-e0a99d93e2e5: TaskFinished(6,446,Some(AttributeKey[scala.collection.Seq[java.io.File]]("twirlCompileTemplates") in Scope(Build: file:/C:/Users/Ben/play-java-intro-2/, , Project: ProjectReference(file:/C:/Users/Ben/play-java-intro-2/,root), Config: compile)),true,None)
Sending msg to client activator-f44e1712-e934-494f-a286-e0a99d93e2e5: TaskStarted(6,445,None)
Sending msg to client activator-f44e1712-e934-494f-a286-e0a99d93e2e5: TaskFinished(6,445,None,true,None)
Sending msg to client activator-f44e1712-e934-494f-a286-e0a99d93e2e5: TaskStarted(6,444,Some(AttributeKey[scala.collection.Seq[java.io.File]]("managedSources") in Scope(Build: file:/C:/Users/Ben/play-java-intro-2/, , Project: ProjectReference(file:/C:/Users/Ben/play-java-intro-2/,root), Config: compile)))
Sending msg to client activator-f44e1712-e934-494f-a286-e0a99d93e2e5: TaskFinished(6,444,Some(AttributeKey[scala.collection.Seq[java.io.File]]("managedSources") in Scope(Build: file:/C:/Users/Ben/play-java-intro-2/, , Project: ProjectReference(file:/C:/Users/Ben/play-java-intro-2/,root), Config: compile)),true,None)
Sending msg to client activator-f44e1712-e934-494f-a286-e0a99d93e2e5: TaskStarted(6,443,Some(AttributeKey[scala.collection.Seq[java.io.File]]("sources") in Scope(Build: file:/C:/Users/Ben/play-java-intro-2/, , Project: ProjectReference(file:/C:/Users/Ben/play-java-intro-2/,root), Config: compile)))
Sending msg to client activator-f44e1712-e934-494f-a286-e0a99d93e2e5: TaskFinished(6,394,Some(AttributeKey[sbt.IvySbt]("ivySbt") in Scope(Build: file:/C:/Users/Ben/play-java-intro-2/, , Project: ProjectReference(file:/C:/Users/Ben/play-java-intro-2/,root))),true,None)
Sending msg to client activator-f44e1712-e934-494f-a286-e0a99d93e2e5: TaskStarted(6,390,Some(AttributeKey[sbt.IvySbt$Module]("ivyModule") in Scope(Build: file:/C:/Users/Ben/play-java-intro-2/, , Project: ProjectReference(file:/C:/Users/Ben/play-java-intro-2/,root))))
Sending msg to client activator-f44e1712-e934-494f-a286-e0a99d93e2e5: TaskFinished(6,443,Some(AttributeKey[scala.collection.Seq[java.io.File]]("sources") in Scope(Build: file:/C:/Users/Ben/play-java-intro-2/, , Project: ProjectReference(file:/C:/Users/Ben/play-java-intro-2/,root), Config: compile)),true,None)
Sending msg to client activator-f44e1712-e934-494f-a286-e0a99d93e2e5: TaskFinished(6,390,Some(AttributeKey[sbt.IvySbt$Module]("ivyModule") in Scope(Build: file:/C:/Users/Ben/play-java-intro-2/, , Project: ProjectReference(file:/C:/Users/Ben/play-java-intro-2/,root))),true,None)
Sending msg to client activator-f44e1712-e934-494f-a286-e0a99d93e2e5: TaskStarted(6,377,Some(AttributeKey[sbt.UpdateReport]("update") in Scope(Build: file:/C:/Users/Ben/play-java-intro-2/, , Project: ProjectReference(file:/C:/Users/Ben/play-java-intro-2/,root))))
Sending msg to client activator-f44e1712-e934-494f-a286-e0a99d93e2e5: TaskFinished(6,377,Some(AttributeKey[sbt.UpdateReport]("update") in Scope(Build: file:/C:/Users/Ben/play-java-intro-2/, , Project: ProjectReference(file:/C:/Users/Ben/play-java-intro-2/,root))),true,None)
Sending msg to client activator-f44e1712-e934-494f-a286-e0a99d93e2e5: TaskStarted(6,375,Some(AttributeKey[sbt.UpdateReport]("update") in Scope(Build: file:/C:/Users/Ben/play-java-intro-2/, , Project: ProjectReference(file:/C:/Users/Ben/play-java-intro-2/,root))))
Sending msg to client activator-f44e1712-e934-494f-a286-e0a99d93e2e5: TaskFinished(6,375,Some(AttributeKey[sbt.UpdateReport]("update") in Scope(Build: file:/C:/Users/Ben/play-java-intro-2/, , Project: ProjectReference(file:/C:/Users/Ben/play-java-intro-2/,root))),true,None)
Sending msg to client activator-f44e1712-e934-494f-a286-e0a99d93e2e5: TaskStarted(6,374,Some(AttributeKey[sbt.Configuration]("classpathConfiguration") in Scope(Build: file:/C:/Users/Ben/play-java-intro-2/, , Project: ProjectReference(file:/C:/Users/Ben/play-java-intro-2/,root), Config: compile)))
Sending msg to client activator-f44e1712-e934-494f-a286-e0a99d93e2e5: TaskStarted(6,429,Some(AttributeKey[scala.collection.Seq[java.lang.String]]("scalacOptions") in Scope(Build: file:/C:/Users/Ben/play-java-intro-2/, , Project: ProjectReference(file:/C:/Users/Ben/play-java-intro-2/,root), Config: compile)))
Sending msg to client activator-f44e1712-e934-494f-a286-e0a99d93e2e5: TaskStarted(6,473,None)
Sending msg to client activator-f44e1712-e934-494f-a286-e0a99d93e2e5: TaskFinished(6,374,Some(AttributeKey[sbt.Configuration]("classpathConfiguration") in Scope(Build: file:/C:/Users/Ben/play-java-intro-2/, , Project: ProjectReference(file:/C:/Users/Ben/play-java-intro-2/,root), Config: compile)),true,None)
Sending msg to client activator-f44e1712-e934-494f-a286-e0a99d93e2e5: TaskStarted(6,370,None)
Sending msg to client activator-f44e1712-e934-494f-a286-e0a99d93e2e5: TaskStarted(6,413,None)
Sending msg to client activator-f44e1712-e934-494f-a286-e0a99d93e2e5: TaskFinished(6,429,Some(AttributeKey[scala.collection.Seq[java.lang.String]]("scalacOptions") in Scope(Build: file:/C:/Users/Ben/play-java-intro-2/, , Project: ProjectReference(file:/C:/Users/Ben/play-java-intro-2/,root), Config: compile)),true,None)
Sending msg to client activator-f44e1712-e934-494f-a286-e0a99d93e2e5: TaskFinished(6,413,None,true,None)
Sending msg to client activator-f44e1712-e934-494f-a286-e0a99d93e2e5: TaskStarted(6,411,Some(AttributeKey[scala.collection.Seq[sbt.Attributed[java.io.File]]]("managedClasspath") in Scope(Build: file:/C:/Users/Ben/play-java-intro-2/, , Project: ProjectReference(file:/C:/Users/Ben/play-java-intro-2/,root), Config: compile)))
Sending msg to client activator-f44e1712-e934-494f-a286-e0a99d93e2e5: TaskFinished(6,411,Some(AttributeKey[scala.collection.Seq[sbt.Attributed[java.io.File]]]("managedClasspath") in Scope(Build: file:/C:/Users/Ben/play-java-intro-2/, , Project: ProjectReference(file:/C:/Users/Ben/play-java-intro-2/,root), Config: compile)),true,None)
Sending msg to client activator-f44e1712-e934-494f-a286-e0a99d93e2e5: TaskStarted(6,407,None)
Sending msg to client activator-f44e1712-e934-494f-a286-e0a99d93e2e5: TaskFinished(6,407,None,true,None)
Sending msg to client activator-f44e1712-e934-494f-a286-e0a99d93e2e5: TaskStarted(6,406,Some(AttributeKey[scala.collection.Seq[sbt.Attributed[java.io.File]]]("externalDependencyClasspath") in Scope(Build: file:/C:/Users/Ben/play-java-intro-2/, , Project: ProjectReference(file:/C:/Users/Ben/play-java-intro-2/,root), Config: compile)))
Sending msg to client activator-f44e1712-e934-494f-a286-e0a99d93e2e5: TaskFinished(6,473,None,true,None)
Sending msg to client activator-f44e1712-e934-494f-a286-e0a99d93e2e5: TaskFinished(6,441,Some(AttributeKey[sbt.ScalaInstance]("scalaInstance") in Scope(Build: file:/C:/Users/Ben/play-java-intro-2/, , Project: ProjectReference(file:/C:/Users/Ben/play-java-intro-2/,root))),true,None)
Sending msg to client activator-f44e1712-e934-494f-a286-e0a99d93e2e5: TaskStarted(6,439,Some(AttributeKey[sbt.Compiler$Compilers]("compilers") in Scope(Global)))
Sending msg to client activator-f44e1712-e934-494f-a286-e0a99d93e2e5: TaskFinished(6,406,Some(AttributeKey[scala.collection.Seq[sbt.Attributed[java.io.File]]]("externalDependencyClasspath") in Scope(Build: file:/C:/Users/Ben/play-java-intro-2/, , Project: ProjectReference(file:/C:/Users/Ben/play-java-intro-2/,root), Config: compile)),true,None)
Sending msg to client activator-f44e1712-e934-494f-a286-e0a99d93e2e5: TaskStarted(6,477,None)
Sending msg to client activator-f44e1712-e934-494f-a286-e0a99d93e2e5: TaskStarted(6,478,None)
Sending msg to client activator-f44e1712-e934-494f-a286-e0a99d93e2e5: TaskFinished(6,477,None,true,None)
Sending msg to client activator-f44e1712-e934-494f-a286-e0a99d93e2e5: TaskFinished(6,439,Some(AttributeKey[sbt.Compiler$Compilers]("compilers") in Scope(Global)),true,None)
Sending msg to client activator-f44e1712-e934-494f-a286-e0a99d93e2e5: TaskFinished(6,478,None,true,None)
Sending msg to client activator-f44e1712-e934-494f-a286-e0a99d93e2e5: TaskStarted(6,476,None)
Sending msg to client activator-f44e1712-e934-494f-a286-e0a99d93e2e5: TaskFinished(6,476,None,true,None)
Sending msg to client activator-f44e1712-e934-494f-a286-e0a99d93e2e5: TaskStarted(6,475,None)
Sending msg to client activator-f44e1712-e934-494f-a286-e0a99d93e2e5: TaskFinished(6,475,None,true,None)
Sending msg to client activator-f44e1712-e934-494f-a286-e0a99d93e2e5: TaskFinished(6,370,None,true,None)
Sending msg to client activator-f44e1712-e934-494f-a286-e0a99d93e2e5: TaskStarted(6,367,Some(AttributeKey[scala.collection.Seq[sbt.Attributed[java.io.File]]]("internalDependencyClasspath") in Scope(Build: file:/C:/Users/Ben/play-java-intro-2/, , Project: ProjectReference(file:/C:/Users/Ben/play-java-intro-2/,root), Config: compile)))
Sending msg to client activator-f44e1712-e934-494f-a286-e0a99d93e2e5: TaskFinished(6,367,Some(AttributeKey[scala.collection.Seq[sbt.Attributed[java.io.File]]]("internalDependencyClasspath") in Scope(Build: file:/C:/Users/Ben/play-java-intro-2/, , Project: ProjectReference(file:/C:/Users/Ben/play-java-intro-2/,root), Config: compile)),true,None)
Sending msg to client activator-f44e1712-e934-494f-a286-e0a99d93e2e5: TaskStarted(6,366,None)
Sending msg to client activator-f44e1712-e934-494f-a286-e0a99d93e2e5: TaskFinished(6,366,None,true,None)
Sending msg to client activator-f44e1712-e934-494f-a286-e0a99d93e2e5: TaskStarted(6,365,Some(AttributeKey[scala.collection.Seq[sbt.Attributed[java.io.File]]]("dependencyClasspath") in Scope(Build: file:/C:/Users/Ben/play-java-intro-2/, , Project: ProjectReference(file:/C:/Users/Ben/play-java-intro-2/,root), Config: compile)))
Sending msg to client activator-f44e1712-e934-494f-a286-e0a99d93e2e5: TaskFinished(6,365,Some(AttributeKey[scala.collection.Seq[sbt.Attributed[java.io.File]]]("dependencyClasspath") in Scope(Build: file:/C:/Users/Ben/play-java-intro-2/, , Project: ProjectReference(file:/C:/Users/Ben/play-java-intro-2/,root), Config: compile)),true,None)
Sending msg to client activator-f44e1712-e934-494f-a286-e0a99d93e2e5: TaskStarted(6,432,Some(AttributeKey[sbt.Compiler$IncSetup]("incCompileSetup") in Scope(Build: file:/C:/Users/Ben/play-java-intro-2/, , Project: ProjectReference(file:/C:/Users/Ben/play-java-intro-2/,root), Config: compile)))
Sending msg to client activator-f44e1712-e934-494f-a286-e0a99d93e2e5: TaskFinished(6,432,Some(AttributeKey[sbt.Compiler$IncSetup]("incCompileSetup") in Scope(Build: file:/C:/Users/Ben/play-java-intro-2/, , Project: ProjectReference(file:/C:/Users/Ben/play-java-intro-2/,root), Config: compile)),true,None)
Sending msg to client activator-f44e1712-e934-494f-a286-e0a99d93e2e5: TaskStarted(6,416,Some(AttributeKey[sbt.Compiler$Inputs]("compileInputs") in Scope(Build: file:/C:/Users/Ben/play-java-intro-2/, , Project: ProjectReference(file:/C:/Users/Ben/play-java-intro-2/,root), Config: compile, Task: AttributeKey[sbt.inc.Analysis]("compile"))))
Sending msg to client activator-f44e1712-e934-494f-a286-e0a99d93e2e5: TaskStarted(6,459,Some(AttributeKey[sbt.Compiler$PreviousAnalysis]("readAnalysis") in Scope(Build: file:/C:/Users/Ben/play-java-intro-2/, , Project: ProjectReference(file:/C:/Users/Ben/play-java-intro-2/,root), Config: compile)))
Sending msg to client activator-f44e1712-e934-494f-a286-e0a99d93e2e5: TaskFinished(6,416,Some(AttributeKey[sbt.Compiler$Inputs]("compileInputs") in Scope(Build: file:/C:/Users/Ben/play-java-intro-2/, , Project: ProjectReference(file:/C:/Users/Ben/play-java-intro-2/,root), Config: compile, Task: AttributeKey[sbt.inc.Analysis]("compile"))),true,None)
Sending msg to client activator-f44e1712-e934-494f-a286-e0a99d93e2e5: TaskStarted(6,456,Some(AttributeKey[scala.Option[xsbti.Reporter]]("compilerReporter") in Scope(Build: file:/C:/Users/Ben/play-java-intro-2/, , Project: ProjectReference(file:/C:/Users/Ben/play-java-intro-2/,root), Config: compile, Task: AttributeKey[sbt.inc.Analysis]("compile"))))
Sending msg to client activator-f44e1712-e934-494f-a286-e0a99d93e2e5: TaskFinished(6,456,Some(AttributeKey[scala.Option[xsbti.Reporter]]("compilerReporter") in Scope(Build: file:/C:/Users/Ben/play-java-intro-2/, , Project: ProjectReference(file:/C:/Users/Ben/play-java-intro-2/,root), Config: compile, Task: AttributeKey[sbt.inc.Analysis]("compile"))),true,None)
Sending msg to client activator-f44e1712-e934-494f-a286-e0a99d93e2e5: TaskFinished(6,459,Some(AttributeKey[sbt.Compiler$PreviousAnalysis]("readAnalysis") in Scope(Build: file:/C:/Users/Ben/play-java-intro-2/, , Project: ProjectReference(file:/C:/Users/Ben/play-java-intro-2/,root), Config: compile)),true,None)
Sending msg to client activator-f44e1712-e934-494f-a286-e0a99d93e2e5: TaskStarted(6,454,Some(AttributeKey[sbt.compiler.IC$Result]("compileIncremental") in Scope(Build: file:/C:/Users/Ben/play-java-intro-2/, , Project: ProjectReference(file:/C:/Users/Ben/play-java-intro-2/,root), Config: compile)))
Sending msg to client activator-f44e1712-e934-494f-a286-e0a99d93e2e5: TaskLogEvent(454,LogMessage(debug,
Initial source changes: 
	removed:Set()
	added: Set()
	modified: Set()
Removed products: Set()
External API changes: API Changes: Set()
Modified binary dependencies: Set()
Initial directly invalidated sources: Set()

Sources indirectly invalidated by:
	product: Set()
	binary dep: Set()
	external source: Set()))
Sending msg to client activator-f44e1712-e934-494f-a286-e0a99d93e2e5: TaskLogEvent(454,LogMessage(debug,All initially invalidated sources: Set()
))
Sending msg to client activator-f44e1712-e934-494f-a286-e0a99d93e2e5: TaskFinished(6,454,Some(AttributeKey[sbt.compiler.IC$Result]("compileIncremental") in Scope(Build: file:/C:/Users/Ben/play-java-intro-2/, , Project: ProjectReference(file:/C:/Users/Ben/play-java-intro-2/,root), Config: compile)),true,None)
Sending msg to client activator-f44e1712-e934-494f-a286-e0a99d93e2e5: TaskStarted(6,453,Some(AttributeKey[sbt.compiler.IC$Result]("manipulateBytecode") in Scope(Build: file:/C:/Users/Ben/play-java-intro-2/, , Project: ProjectReference(file:/C:/Users/Ben/play-java-intro-2/,root), Config: compile)))
Sending msg to client activator-f44e1712-e934-494f-a286-e0a99d93e2e5: TaskFinished(6,453,Some(AttributeKey[sbt.compiler.IC$Result]("manipulateBytecode") in Scope(Build: file:/C:/Users/Ben/play-java-intro-2/, , Project: ProjectReference(file:/C:/Users/Ben/play-java-intro-2/,root), Config: compile)),true,None)
Sending msg to client activator-f44e1712-e934-494f-a286-e0a99d93e2e5: TaskStarted(6,452,Some(AttributeKey[sbt.inc.Analysis]("compile") in Scope(Build: file:/C:/Users/Ben/play-java-intro-2/, , Project: ProjectReference(file:/C:/Users/Ben/play-java-intro-2/,root), Config: compile)))
Sending msg to client activator-f44e1712-e934-494f-a286-e0a99d93e2e5: TaskFinished(6,452,Some(AttributeKey[sbt.inc.Analysis]("compile") in Scope(Build: file:/C:/Users/Ben/play-java-intro-2/, , Project: ProjectReference(file:/C:/Users/Ben/play-java-intro-2/,root), Config: compile)),true,None)
Sending msg to client activator-f44e1712-e934-494f-a286-e0a99d93e2e5: TaskStarted(6,364,Some(AttributeKey[sbt.inc.Analysis]("compile") in Scope(Build: file:/C:/Users/Ben/play-java-intro-2/, , Project: ProjectReference(file:/C:/Users/Ben/play-java-intro-2/,root), Config: compile)))
Sending msg to client activator-f44e1712-e934-494f-a286-e0a99d93e2e5: TaskFinished(6,364,Some(AttributeKey[sbt.inc.Analysis]("compile") in Scope(Build: file:/C:/Users/Ben/play-java-intro-2/, , Project: ProjectReference(file:/C:/Users/Ben/play-java-intro-2/,root), Config: compile)),true,None)
Sending msg to client activator-f44e1712-e934-494f-a286-e0a99d93e2e5: TaskStarted(6,363,Some(AttributeKey[scala.collection.Seq[java.lang.String]]("discoveredMainClasses") in Scope(Build: file:/C:/Users/Ben/play-java-intro-2/, , Project: ProjectReference(file:/C:/Users/Ben/play-java-intro-2/,root), Config: compile)))
Sending msg to client activator-f44e1712-e934-494f-a286-e0a99d93e2e5: TaskFinished(6,363,Some(AttributeKey[scala.collection.Seq[java.lang.String]]("discoveredMainClasses") in Scope(Build: file:/C:/Users/Ben/play-java-intro-2/, , Project: ProjectReference(file:/C:/Users/Ben/play-java-intro-2/,root), Config: compile)),true,None)
Sending msg to client activator-f44e1712-e934-494f-a286-e0a99d93e2e5: ValueChanged(AttributeKey[scala.collection.Seq[java.lang.String]]("discoveredMainClasses") in Scope(Build: file:/C:/Users/Ben/play-java-intro-2/, , Project: ProjectReference(file:/C:/Users/Ben/play-java-intro-2/,root), Config: compile),TaskSuccess(BuildValue(LazyValue(List(),scala.pickling.PicklerUnpickler$DelegatingPicklerUnpickler@33bc8d7c),List())))
Sending msg to client activator-f44e1712-e934-494f-a286-e0a99d93e2e5: TaskStarted(6,362,None)
Sending msg to client activator-f44e1712-e934-494f-a286-e0a99d93e2e5: TaskFinished(6,362,None,true,None)
Sending msg to client activator-f44e1712-e934-494f-a286-e0a99d93e2e5: TaskStarted(6,361,None)
Sending msg to client activator-f44e1712-e934-494f-a286-e0a99d93e2e5: TaskFinished(6,361,None,true,None)
Sending msg to client activator-f44e1712-e934-494f-a286-e0a99d93e2e5: DetachedLogEvent(LogMessage(debug,cancel strategy finish enabled=false lastCommand=Some(LastCommand(CommandExecutionWork(ExecutionId(6),{file:/C:/Users/Ben/play-java-intro-2/}root/compile:discoveredMainClasses,Set(LiveClient(activator f44e1712-e934-494f-a286-e0a99d93e2e5)),sbt.server.WorkCancellationStatus$$anon$1@931bdb3)))))
Sending msg to client activator-f44e1712-e934-494f-a286-e0a99d93e2e5: DetachedLogEvent(LogSuccess(Total time: 1 s, completed Apr 22, 2015 7:50:31 PM))
Sending msg to client activator-f44e1712-e934-494f-a286-e0a99d93e2e5: DetachedLogEvent(LogMessage(debug,> server-post-command-cleanup))
Sending msg to client activator-f44e1712-e934-494f-a286-e0a99d93e2e5: ExecutionSuccess(6)
Sending msg to client activator-f44e1712-e934-494f-a286-e0a99d93e2e5: DetachedLogEvent(LogMessage(debug,> server-handle-next-server-request))
